Vivado Simulator 2018.3
Copyright 1986-1999, 2001-2018 Xilinx, Inc. All Rights Reserved.
Running: C:/Xilinx/Vivado/2018.3/bin/unwrapped/win64.o/xelab.exe -wto 8f664a9be42b48618145f75927f9b9ac --incr --debug typical --relax --mt 2 -L xil_defaultlib -L secureip --snapshot StimulatorTB_behav xil_defaultlib.StimulatorTB -log elaborate.log 
Using 2 slave threads.
Starting static elaboration
Completed static elaboration
Starting simulation data flow analysis
Completed simulation data flow analysis
Time Resolution for simulation is 1ps
Compiling package std.standard
Compiling package std.textio
Compiling package ieee.std_logic_1164
Compiling package ieee.numeric_std
Compiling architecture behavioral of entity xil_defaultlib.ChannelConfigReg [\ChannelConfigReg(multiplierword...]
Compiling architecture behavioral of entity xil_defaultlib.Memory [\Memory(adresswidth=7,wordwidth=...]
Compiling architecture behavioral of entity xil_defaultlib.SPI_Master [spi_master_default]
Compiling architecture behavioral of entity xil_defaultlib.Channel [\Channel(wordwidth=8,multiplierw...]
Compiling architecture behavioral of entity xil_defaultlib.Stimulator [\Stimulator(adresswidth=7,spi_cl...]
Compiling architecture arch of entity xil_defaultlib.stimulatortb
Built simulation snapshot StimulatorTB_behav
